TN:
SF:/Users/dancali/@/idancali/idancali.dev/react-chunky/react-native-chunky/index.js
FN:12,renderApp
FN:13,main
FN:16,(anonymous_4)
FNF:3
FNH:2
FNDA:1,renderApp
FNDA:0,main
FNDA:1,(anonymous_4)
DA:1,1
DA:2,1
DA:3,1
DA:5,1
DA:6,1
DA:7,1
DA:8,1
DA:10,1
DA:13,1
DA:16,1
LF:10
LH:10
BRF:0
BRH:0
end_of_record
TN:
SF:/Users/dancali/@/idancali/idancali.dev/react-chunky/react-native-chunky/src/core/App.js
FN:14,App
FNF:1
FNH:1
FNDA:4,App
DA:1,1
DA:2,1
DA:9,1
DA:10,1
DA:14,8
DA:19,4
DA:20,1
DA:23,3
DA:24,1
DA:27,2
DA:28,2
DA:33,2
DA:37,4
DA:41,4
DA:45,2
DA:49,2
DA:56,2
DA:65,2
LF:18
LH:18
BRDA:14,0,0,4
BRDA:14,0,1,0
BRDA:19,1,0,1
BRDA:19,1,1,3
BRDA:23,2,0,1
BRDA:23,2,1,2
BRDA:31,3,0,2
BRDA:31,3,1,0
BRDA:31,4,0,2
BRDA:31,4,1,2
BRDA:37,5,0,2
BRDA:37,5,1,2
BRDA:37,6,0,4
BRDA:37,6,1,4
BRF:14
BRH:12
end_of_record
TN:
SF:/Users/dancali/@/idancali/idancali.dev/react-chunky/react-native-chunky/src/core/Screen.js
FN:52,(anonymous_15)
FNF:1
FNH:1
FNDA:11,(anonymous_15)
DA:1,1
DA:2,1
DA:3,1
DA:8,7
DA:14,3
DA:15,1
DA:18,2
DA:20,2
DA:21,1
DA:24,1
DA:28,11
DA:32,2
DA:33,1
DA:34,1
DA:37,1
DA:41,11
DA:42,9
DA:45,2
DA:46,2
DA:48,2
DA:51,6
DA:52,11
LF:22
LH:22
BRDA:14,0,0,1
BRDA:14,0,1,2
BRDA:14,1,0,3
BRDA:14,1,1,3
BRDA:20,2,0,1
BRDA:20,2,1,1
BRDA:24,3,0,0
BRDA:24,3,1,0
BRDA:32,4,0,1
BRDA:32,4,1,1
BRDA:34,5,0,1
BRDA:34,5,1,1
BRDA:37,6,0,1
BRDA:37,6,1,1
BRDA:41,7,0,9
BRDA:41,7,1,2
BRF:16
BRH:14
end_of_record
TN:
SF:/Users/dancali/@/idancali/idancali.dev/react-chunky/react-native-chunky/src/errors/generic.js
FN:4,UNABLE_TO_LOAD_ROUTE
FNF:1
FNH:1
FNDA:4,UNABLE_TO_LOAD_ROUTE
DA:1,1
DA:4,4
LF:2
LH:2
BRF:0
BRH:0
end_of_record
TN:
SF:/Users/dancali/@/idancali/idancali.dev/react-chunky/react-native-chunky/src/errors/index.js
FN:1,(anonymous_0)
FNF:1
FNH:1
FNDA:5,(anonymous_0)
DA:1,7
LF:1
LH:1
BRDA:1,0,0,1
BRDA:1,0,1,2
BRF:2
BRH:2
end_of_record
TN:
SF:/Users/dancali/@/idancali/idancali.dev/react-chunky/react-native-chunky/src/styles/containers.js
FN:6,containers
FNF:1
FNH:1
FNDA:7,containers
DA:1,1
DA:4,1
DA:6,7
LF:3
LH:3
BRF:0
BRH:0
end_of_record
TN:
SF:/Users/dancali/@/idancali/idancali.dev/react-chunky/react-native-chunky/src/styles/index.js
FN:1,(anonymous_0)
FNF:1
FNH:1
FNDA:8,(anonymous_0)
DA:1,10
LF:1
LH:1
BRDA:1,0,0,1
BRDA:1,0,1,2
BRF:2
BRH:2
end_of_record
